{"/Users/Work/Documents/FutureProof/Week 6/dojo_habit_tracker_client/client/tests/helpers.js": {"path":"/Users/Work/Documents/FutureProof/Week 6/dojo_habit_tracker_client/client/tests/helpers.js","statementMap":{"0":{"start":{"line":1,"column":13},"end":{"line":1,"column":28}},"1":{"start":{"line":2,"column":14},"end":{"line":2,"column":30}},"2":{"start":{"line":3,"column":16},"end":{"line":3,"column":21}},"3":{"start":{"line":5,"column":18},"end":{"line":20,"column":1}},"4":{"start":{"line":6,"column":21},"end":{"line":6,"column":55}},"5":{"start":{"line":7,"column":16},"end":{"line":11,"column":6}},"6":{"start":{"line":13,"column":4},"end":{"line":17,"column":6}},"7":{"start":{"line":14,"column":8},"end":{"line":16,"column":10}},"8":{"start":{"line":15,"column":12},"end":{"line":15,"column":24}},"9":{"start":{"line":22,"column":0},"end":{"line":22,"column":27}}},"fnMap":{"0":{"name":"(anonymous_0)","decl":{"start":{"line":5,"column":18},"end":{"line":5,"column":19}},"loc":{"start":{"line":5,"column":38},"end":{"line":20,"column":1}},"line":5},"1":{"name":"(anonymous_1)","decl":{"start":{"line":13,"column":23},"end":{"line":13,"column":24}},"loc":{"start":{"line":13,"column":37},"end":{"line":17,"column":5}},"line":13},"2":{"name":"(anonymous_2)","decl":{"start":{"line":14,"column":65},"end":{"line":14,"column":66}},"loc":{"start":{"line":14,"column":70},"end":{"line":16,"column":9}},"line":14}},"branchMap":{},"s":{"0":2,"1":2,"2":2,"3":2,"4":14,"5":14,"6":14,"7":14,"8":14,"9":2},"f":{"0":14,"1":14,"2":14},"b":{},"_coverageSchema":"1a1c01bbd47fc00a2c39e90264f33305004495a9","hash":"1de1eb4d6b35097f044f2fbc7bcb86cff71e7172"}
}
